<?xml version="1.0" encoding="UTF-8"?>
<testsuite name="Test differents features in a sandbox page" tests="1" skipped="0" failures="1" errors="0" timestamp="2024-06-11T20:31:45" hostname="PC-TOMAS" time="0.071">
  <properties/>
  <testcase name="As a test engineer, I try to show differents items inside a list" classname="Test differents features in a sandbox page" time="0.071">
    <failure message="io.cucumber.junit.UndefinedStepException: The step 'navigate to web page' and 2 other step(s) are undefined.&#10;You can implement these steps using the snippet(s) below:&#10;&#10;@Given(&quot;navigate to web page&quot;)&#10;public void navigate_to_web_page() {&#10;    // Write code here that turns the phrase above into concrete actions&#10;    throw new io.cucumber.java.PendingException();&#10;}&#10;@When(&quot;search inside the list&quot;)&#10;public void search_inside_the_list() {&#10;    // Write code here that turns the phrase above into concrete actions&#10;    throw new io.cucumber.java.PendingException();&#10;}&#10;@Then(&quot;show the text selected&quot;)&#10;public void show_the_text_selected() {&#10;    // Write code here that turns the phrase above into concrete actions&#10;    throw new io.cucumber.java.PendingException();&#10;}&#10;" type="io.cucumber.junit.UndefinedStepException">io.cucumber.junit.UndefinedStepException: The step 'navigate to web page' and 2 other step(s) are undefined.
You can implement these steps using the snippet(s) below:

@Given(&quot;navigate to web page&quot;)
public void navigate_to_web_page() {
    // Write code here that turns the phrase above into concrete actions
    throw new io.cucumber.java.PendingException();
}
@When(&quot;search inside the list&quot;)
public void search_inside_the_list() {
    // Write code here that turns the phrase above into concrete actions
    throw new io.cucumber.java.PendingException();
}
@Then(&quot;show the text selected&quot;)
public void show_the_text_selected() {
    // Write code here that turns the phrase above into concrete actions
    throw new io.cucumber.java.PendingException();
}

</failure>
  </testcase>
  <system-out><![CDATA[
@Test
Scenario: As a test engineer, I try to show differents items inside a list # src/test/resources/features/Sandbox.feature:7
  Given navigate to web page
  When search inside the list
  Then show the text selected
]]></system-out>
  <system-err><![CDATA[]]></system-err>
</testsuite>
